[debug] [2024-01-30T10:03:33.091Z] ----------------------------------------------------------------------
[debug] [2024-01-30T10:03:33.093Z] Command:       /usr/local/bin/node /usr/local/bin/firebase init
[debug] [2024-01-30T10:03:33.093Z] CLI Version:   11.22.0
[debug] [2024-01-30T10:03:33.093Z] Platform:      darwin
[debug] [2024-01-30T10:03:33.093Z] Node Version:  v19.4.0
[debug] [2024-01-30T10:03:33.093Z] Time:          Tue Jan 30 2024 11:03:33 GMT+0100 (Central European Standard Time)
[debug] [2024-01-30T10:03:33.094Z] ----------------------------------------------------------------------
[debug] 
[debug] [2024-01-30T10:03:33.097Z] > command requires scopes: ["email","openid","https://www.googleapis.com/auth/cloudplatformprojects.readonly","https://www.googleapis.com/auth/firebase","https://www.googleapis.com/auth/cloud-platform"]
[debug] [2024-01-30T10:03:33.097Z] > authorizing via signed-in user (kualify.engineering@gmail.com)
[info] 
     ######## #### ########  ######## ########     ###     ######  ########
     ##        ##  ##     ## ##       ##     ##  ##   ##  ##       ##
     ######    ##  ########  ######   ########  #########  ######  ######
     ##        ##  ##    ##  ##       ##     ## ##     ##       ## ##
     ##       #### ##     ## ######## ########  ##     ##  ######  ########

You're about to initialize a Firebase project in this directory:

  /Users/danigleba/Documents/Startups/solve-math&physics-problems-with-AI

[info] 
=== Project Setup
[info] 
[info] First, let's associate this project directory with a Firebase project.
[info] You can create multiple project aliases by running firebase use --add, 
[info] but for now we'll just set up a default project.
[info] 
[debug] [2024-01-30T10:04:26.168Z] > refreshing access token with scopes: []
[debug] [2024-01-30T10:04:26.171Z] >>> [apiv2][query] POST https://www.googleapis.com/oauth2/v3/token [none]
[debug] [2024-01-30T10:04:26.171Z] >>> [apiv2][body] POST https://www.googleapis.com/oauth2/v3/token [omitted]
[debug] [2024-01-30T10:04:26.437Z] <<< [apiv2][status] POST https://www.googleapis.com/oauth2/v3/token 400
[debug] [2024-01-30T10:04:26.437Z] <<< [apiv2][body] POST https://www.googleapis.com/oauth2/v3/token [omitted]
[debug] [2024-01-30T10:04:26.438Z] >>> [apiv2][query] GET https://firebase.googleapis.com/v1beta1/projects pageSize=100
[debug] [2024-01-30T10:04:26.586Z] <<< [apiv2][status] GET https://firebase.googleapis.com/v1beta1/projects 401
[debug] [2024-01-30T10:04:26.586Z] <<< [apiv2][body] GET https://firebase.googleapis.com/v1beta1/projects [omitted]
[debug] [2024-01-30T10:04:26.587Z] HTTP Error: 401, Request had invalid authentication credentials. Expected OAuth 2 access token, login cookie or other valid authentication credential. See https://developers.google.com/identity/sign-in/web/devconsole-project.
[debug] [2024-01-30T10:04:26.728Z] FirebaseError: HTTP Error: 401, Request had invalid authentication credentials. Expected OAuth 2 access token, login cookie or other valid authentication credential. See https://developers.google.com/identity/sign-in/web/devconsole-project.
    at responseToError (/usr/local/lib/node_modules/firebase-tools/lib/responseToError.js:49:12)
    at RetryOperation._fn (/usr/local/lib/node_modules/firebase-tools/lib/apiv2.js:288:77)
    at process.processTicksAndRejections (node:internal/process/task_queues:95:5)
[error] 
[error] Error: Failed to list Firebase projects. See firebase-debug.log for more info.
